

2025-01-14 17:36:43 [INFO] L'utilisateur r000t (id: 1) s'est connecté depuis ::1.
2025-01-14 17:37:19 [INFO] L'utilisateur r000t s'est déconnecté depuis ::1.
2025-01-14 17:37:31 [INFO] L'utilisateur anna (id: 30) s'est connecté depuis ::1.
2025-01-14 17:37:35 [INFO] L'utilisateur anna s'est déconnecté depuis ::1.
2025-01-14 17:39:40 [INFO] L'utilisateur anna (id: 30) s'est connecté depuis ::1.
2025-01-14 17:39:55 [INFO] L'utilisateur anna s'est déconnecté depuis ::1.
2025-01-14 17:40:04 [INFO] L'utilisateur anna (id: 30) s'est connecté depuis ::1.
2025-01-14 17:40:06 [INFO] L'utilisateur anna s'est déconnecté depuis ::1.
2025-01-14 17:41:03 [INFO] L'utilisateur anna (id: 30) s'est connecté depuis ::1.
2025-01-17 10:14:37 [INFO] L'utilisateur anna (id: 30) s'est connecté depuis ::1.
2025-01-17 11:48:44 [INFO] L'utilisateur r000t (id: 1) a modifié son profil depuis::1.
2025-01-17 11:48:53 [INFO] L'utilisateur r000t (id: 1) a modifié son profil depuis::1.
2025-01-17 11:48:58 [INFO] L'utilisateur r000t s'est déconnecté depuis ::1.
2025-01-22 15:16:48 [INFO] L'utilisateur r000t (id: 1) s'est connecté depuis ::1.
2025-01-22 15:16:52 [INFO] L'utilisateur r000t s'est déconnecté depuis ::1.
2025-01-22 15:29:42 [INFO] L'utilisateur r000t (id: 1) s'est connecté depuis ::1.
2025-01-22 15:29:54 [INFO] L'utilisateur r000t (id: 1) a modifié son profil depuis::1.
2025-01-22 16:09:16 [INFO] L'utilisateur r000t s'est déconnecté depuis ::1.
2025-01-22 16:31:44 [INFO] L'utilisateur r000t (id: 1) s'est connecté depuis ::1.
2025-01-22 17:04:20 [INFO] L'utilisateur r000t s'est déconnecté depuis 127.0.0.1.
2025-01-22 17:04:27 [INFO] L'utilisateur mgeissel (id: 2) s'est connecté depuis 127.0.0.1.
2025-01-22 17:04:47 [INFO] L'utilisateur mgeissel s'est déconnecté depuis 127.0.0.1.
2025-01-22 17:04:49 [INFO] L'utilisateur r000t (id: 1) s'est connecté depuis 127.0.0.1.
2025-01-22 17:04:59 [INFO] L'utilisateur r000t (id: 1) a modifié son profil depuis127.0.0.1.
2025-01-22 17:05:05 [INFO] L'utilisateur r000t (id: 1) a modifié son profil depuis127.0.0.1.
2025-01-22 17:05:23 [INFO] L'utilisateur r000t s'est déconnecté depuis 127.0.0.1.
2025-01-22 17:07:34 [INFO] L'utilisateur r000t (id: 1) s'est connecté depuis 127.0.0.1.
2025-01-22 17:08:39 [INFO] L'utilisateur r000t (id: 1) a modifié son profil depuis127.0.0.1.
2025-01-22 19:24:25 [INFO] L'utilisateur r000000t (id: 1) s'est connecté depuis 127.0.0.1.
2025-01-22 19:24:34 [INFO] L'utilisateur r000000t s'est déconnecté depuis 127.0.0.1.
2025-01-22 19:25:26 [INFO] L'utilisateur savacartonner (id: 88) s'est connecté depuis 127.0.0.1.
2025-01-22 19:25:33 [INFO] L'utilisateur savacartonner s'est déconnecté depuis 127.0.0.1.
2025-01-22 19:25:51 [INFO] L'utilisateur mgeissel (id: 2) s'est connecté depuis 127.0.0.1.
2025-01-22 19:44:04 [INFO] L'utilisateur mgeissel s'est déconnecté depuis 127.0.0.1.
2025-01-22 19:44:21 [INFO] L'utilisateur savacartonner (id: 88) s'est connecté depuis 127.0.0.1.
2025-01-22 23:57:29 [INFO] L'utilisateur savacartonner (id: 88) s'est connecté depuis 127.0.0.1.
2025-01-23 00:19:22 [INFO] L'utilisateur savacartonner (id: 88) a modifié son profil depuis127.0.0.1.
2025-01-23 00:19:33 [INFO] L'utilisateur savacartonner (id: 88) a modifié son profil depuis127.0.0.1.
2025-01-23 00:21:49 [INFO] L'utilisateur savacartonner (id: 88) a modifié son profil depuis127.0.0.1.
